{"/Users/min/Documents/dev/ipf/co-houndify/app.js":{"path":"/Users/min/Documents/dev/ipf/co-houndify/app.js","s":{"1":1,"2":1,"3":1,"4":1,"5":1,"6":1,"7":1,"8":1,"9":1,"10":1,"11":1,"12":1,"13":1,"14":1,"15":1,"16":1,"17":1,"18":1,"19":1,"20":1,"21":1,"22":1,"23":1,"24":1,"25":1,"26":1,"27":0,"28":0,"29":0,"30":1,"31":1,"32":1,"33":1,"34":1,"35":1,"36":0,"37":0,"38":0,"39":0,"40":1},"b":{"1":[1,0],"2":[0,0]},"f":{"1":0,"2":1,"3":0},"fnMap":{"1":{"name":"(anonymous_1)","line":38,"loc":{"start":{"line":38,"column":8},"end":{"line":38,"column":33}}},"2":{"name":"(anonymous_2)","line":49,"loc":{"start":{"line":49,"column":12},"end":{"line":49,"column":43}}},"3":{"name":"(anonymous_3)","line":63,"loc":{"start":{"line":63,"column":8},"end":{"line":63,"column":39}}}},"statementMap":{"1":{"start":{"line":1,"column":0},"end":{"line":1,"column":33}},"2":{"start":{"line":2,"column":0},"end":{"line":2,"column":27}},"3":{"start":{"line":3,"column":0},"end":{"line":3,"column":39}},"4":{"start":{"line":4,"column":0},"end":{"line":4,"column":31}},"5":{"start":{"line":5,"column":0},"end":{"line":5,"column":44}},"6":{"start":{"line":6,"column":0},"end":{"line":6,"column":40}},"7":{"start":{"line":7,"column":0},"end":{"line":7,"column":38}},"8":{"start":{"line":9,"column":0},"end":{"line":9,"column":54}},"9":{"start":{"line":10,"column":0},"end":{"line":10,"column":60}},"10":{"start":{"line":11,"column":0},"end":{"line":11,"column":32}},"11":{"start":{"line":12,"column":0},"end":{"line":12,"column":33}},"12":{"start":{"line":13,"column":0},"end":{"line":13,"column":48}},"13":{"start":{"line":15,"column":0},"end":{"line":15,"column":20}},"14":{"start":{"line":18,"column":0},"end":{"line":18,"column":48}},"15":{"start":{"line":19,"column":0},"end":{"line":19,"column":30}},"16":{"start":{"line":20,"column":0},"end":{"line":20,"column":20}},"17":{"start":{"line":21,"column":0},"end":{"line":21,"column":20}},"18":{"start":{"line":25,"column":0},"end":{"line":25,"column":23}},"19":{"start":{"line":26,"column":0},"end":{"line":26,"column":27}},"20":{"start":{"line":27,"column":0},"end":{"line":27,"column":52}},"21":{"start":{"line":28,"column":0},"end":{"line":28,"column":24}},"22":{"start":{"line":29,"column":0},"end":{"line":29,"column":56}},"23":{"start":{"line":31,"column":0},"end":{"line":31,"column":34}},"24":{"start":{"line":33,"column":0},"end":{"line":33,"column":24}},"25":{"start":{"line":34,"column":0},"end":{"line":34,"column":20}},"26":{"start":{"line":38,"column":0},"end":{"line":42,"column":3}},"27":{"start":{"line":39,"column":2},"end":{"line":39,"column":35}},"28":{"start":{"line":40,"column":2},"end":{"line":40,"column":19}},"29":{"start":{"line":41,"column":2},"end":{"line":41,"column":12}},"30":{"start":{"line":48,"column":0},"end":{"line":59,"column":1}},"31":{"start":{"line":49,"column":4},"end":{"line":58,"column":7}},"32":{"start":{"line":55,"column":8},"end":{"line":55,"column":33}},"33":{"start":{"line":56,"column":8},"end":{"line":56,"column":38}},"34":{"start":{"line":57,"column":8},"end":{"line":57,"column":26}},"35":{"start":{"line":63,"column":0},"end":{"line":68,"column":3}},"36":{"start":{"line":64,"column":4},"end":{"line":64,"column":34}},"37":{"start":{"line":65,"column":4},"end":{"line":65,"column":29}},"38":{"start":{"line":66,"column":4},"end":{"line":66,"column":34}},"39":{"start":{"line":67,"column":4},"end":{"line":67,"column":22}},"40":{"start":{"line":71,"column":0},"end":{"line":71,"column":21}}},"branchMap":{"1":{"line":48,"type":"if","locations":[{"start":{"line":48,"column":0},"end":{"line":48,"column":0}},{"start":{"line":48,"column":0},"end":{"line":48,"column":0}}]},"2":{"line":64,"type":"binary-expr","locations":[{"start":{"line":64,"column":15},"end":{"line":64,"column":25}},{"start":{"line":64,"column":29},"end":{"line":64,"column":32}}]}}},"/Users/min/Documents/dev/ipf/co-houndify/routes/houndify_router.js":{"path":"/Users/min/Documents/dev/ipf/co-houndify/routes/houndify_router.js","s":{"1":1,"2":1,"3":1,"4":1,"5":1},"b":{},"f":{},"fnMap":{},"statementMap":{"1":{"start":{"line":5,"column":0},"end":{"line":5,"column":33}},"2":{"start":{"line":6,"column":0},"end":{"line":6,"column":30}},"3":{"start":{"line":7,"column":0},"end":{"line":7,"column":71}},"4":{"start":{"line":10,"column":0},"end":{"line":10,"column":42}},"5":{"start":{"line":14,"column":0},"end":{"line":14,"column":24}}},"branchMap":{}},"/Users/min/Documents/dev/ipf/co-houndify/controllers/houndify_controller.js":{"path":"/Users/min/Documents/dev/ipf/co-houndify/controllers/houndify_controller.js","s":{"1":1,"2":1,"3":1,"4":1,"5":1,"6":1,"7":1,"8":3,"9":3,"10":3,"11":1,"12":1,"13":2,"14":2,"15":1,"16":2,"17":2,"18":2,"19":2,"20":0,"21":2,"22":1},"b":{"1":[1,2],"2":[3,3],"3":[1,1],"4":[0,2]},"f":{"1":3,"2":2},"fnMap":{"1":{"name":"(anonymous_1)","line":12,"loc":{"start":{"line":12,"column":12},"end":{"line":12,"column":38}}},"2":{"name":"(anonymous_2)","line":28,"loc":{"start":{"line":28,"column":41},"end":{"line":28,"column":62}}}},"statementMap":{"1":{"start":{"line":5,"column":0},"end":{"line":5,"column":26}},"2":{"start":{"line":6,"column":0},"end":{"line":6,"column":49}},"3":{"start":{"line":7,"column":0},"end":{"line":7,"column":34}},"4":{"start":{"line":8,"column":0},"end":{"line":8,"column":41}},"5":{"start":{"line":9,"column":0},"end":{"line":9,"column":25}},"6":{"start":{"line":10,"column":0},"end":{"line":10,"column":40}},"7":{"start":{"line":12,"column":0},"end":{"line":35,"column":2}},"8":{"start":{"line":13,"column":4},"end":{"line":13,"column":60}},"9":{"start":{"line":14,"column":4},"end":{"line":14,"column":44}},"10":{"start":{"line":16,"column":4},"end":{"line":19,"column":5}},"11":{"start":{"line":17,"column":8},"end":{"line":17,"column":29}},"12":{"start":{"line":18,"column":8},"end":{"line":18,"column":62}},"13":{"start":{"line":21,"column":4},"end":{"line":21,"column":19}},"14":{"start":{"line":22,"column":4},"end":{"line":24,"column":5}},"15":{"start":{"line":23,"column":8},"end":{"line":23,"column":27}},"16":{"start":{"line":26,"column":4},"end":{"line":26,"column":27}},"17":{"start":{"line":27,"column":4},"end":{"line":27,"column":41}},"18":{"start":{"line":28,"column":4},"end":{"line":34,"column":7}},"19":{"start":{"line":29,"column":8},"end":{"line":33,"column":9}},"20":{"start":{"line":30,"column":12},"end":{"line":30,"column":29}},"21":{"start":{"line":32,"column":12},"end":{"line":32,"column":27}},"22":{"start":{"line":37,"column":0},"end":{"line":37,"column":22}}},"branchMap":{"1":{"line":16,"type":"if","locations":[{"start":{"line":16,"column":4},"end":{"line":16,"column":4}},{"start":{"line":16,"column":4},"end":{"line":16,"column":4}}]},"2":{"line":16,"type":"binary-expr","locations":[{"start":{"line":16,"column":8},"end":{"line":16,"column":24}},{"start":{"line":16,"column":28},"end":{"line":16,"column":50}}]},"3":{"line":22,"type":"if","locations":[{"start":{"line":22,"column":4},"end":{"line":22,"column":4}},{"start":{"line":22,"column":4},"end":{"line":22,"column":4}}]},"4":{"line":29,"type":"if","locations":[{"start":{"line":29,"column":8},"end":{"line":29,"column":8}},{"start":{"line":29,"column":8},"end":{"line":29,"column":8}}]}}},"/Users/min/Documents/dev/ipf/co-houndify/api/houndify_api.js":{"path":"/Users/min/Documents/dev/ipf/co-houndify/api/houndify_api.js","s":{"1":1,"2":1,"3":1,"4":1,"5":1,"6":1,"7":1,"8":2,"9":2,"10":1,"11":1,"12":1,"13":1,"14":1,"15":0,"16":0,"17":0,"18":0,"19":1,"20":1,"21":1,"22":1,"23":1,"24":1,"25":2,"26":2,"27":2,"28":2,"29":0,"30":0,"31":2,"32":0,"33":2,"34":2,"35":0,"36":0,"37":2,"38":2,"39":2,"40":2,"41":2,"42":2,"43":1,"44":2,"45":0,"46":0,"47":0,"48":1},"b":{"1":[1,1],"2":[0,1],"3":[1,0],"4":[0,2],"5":[0,2],"6":[0,2],"7":[2,0],"8":[2,0],"9":[2,0],"10":[1,1]},"f":{"1":2,"2":1,"3":2,"4":2},"fnMap":{"1":{"name":"(anonymous_1)","line":13,"loc":{"start":{"line":13,"column":20},"end":{"line":13,"column":51}}},"2":{"name":"(anonymous_2)","line":21,"loc":{"start":{"line":21,"column":23},"end":{"line":21,"column":55}}},"3":{"name":"(anonymous_3)","line":39,"loc":{"start":{"line":39,"column":18},"end":{"line":39,"column":56}}},"4":{"name":"(anonymous_4)","line":47,"loc":{"start":{"line":47,"column":21},"end":{"line":47,"column":47}}}},"statementMap":{"1":{"start":{"line":5,"column":0},"end":{"line":5,"column":55}},"2":{"start":{"line":6,"column":0},"end":{"line":6,"column":40}},"3":{"start":{"line":7,"column":0},"end":{"line":7,"column":33}},"4":{"start":{"line":8,"column":0},"end":{"line":8,"column":26}},"5":{"start":{"line":9,"column":0},"end":{"line":9,"column":34}},"6":{"start":{"line":10,"column":0},"end":{"line":10,"column":38}},"7":{"start":{"line":13,"column":0},"end":{"line":37,"column":2}},"8":{"start":{"line":14,"column":4},"end":{"line":14,"column":104}},"9":{"start":{"line":16,"column":4},"end":{"line":35,"column":5}},"10":{"start":{"line":17,"column":8},"end":{"line":17,"column":49}},"11":{"start":{"line":19,"column":8},"end":{"line":19,"column":55}},"12":{"start":{"line":20,"column":8},"end":{"line":20,"column":54}},"13":{"start":{"line":21,"column":8},"end":{"line":34,"column":11}},"14":{"start":{"line":22,"column":12},"end":{"line":27,"column":13}},"15":{"start":{"line":23,"column":16},"end":{"line":23,"column":45}},"16":{"start":{"line":24,"column":16},"end":{"line":24,"column":78}},"17":{"start":{"line":25,"column":16},"end":{"line":25,"column":57}},"18":{"start":{"line":26,"column":16},"end":{"line":26,"column":23}},"19":{"start":{"line":28,"column":12},"end":{"line":28,"column":41}},"20":{"start":{"line":29,"column":12},"end":{"line":32,"column":13}},"21":{"start":{"line":30,"column":16},"end":{"line":30,"column":68}},"22":{"start":{"line":31,"column":16},"end":{"line":31,"column":78}},"23":{"start":{"line":33,"column":12},"end":{"line":33,"column":53}},"24":{"start":{"line":39,"column":0},"end":{"line":80,"column":1}},"25":{"start":{"line":40,"column":4},"end":{"line":40,"column":62}},"26":{"start":{"line":41,"column":4},"end":{"line":45,"column":6}},"27":{"start":{"line":47,"column":4},"end":{"line":79,"column":7}},"28":{"start":{"line":48,"column":8},"end":{"line":78,"column":9}},"29":{"start":{"line":49,"column":12},"end":{"line":49,"column":50}},"30":{"start":{"line":50,"column":12},"end":{"line":50,"column":26}},"31":{"start":{"line":51,"column":15},"end":{"line":78,"column":9}},"32":{"start":{"line":52,"column":12},"end":{"line":52,"column":95}},"33":{"start":{"line":54,"column":12},"end":{"line":54,"column":59}},"34":{"start":{"line":55,"column":12},"end":{"line":58,"column":13}},"35":{"start":{"line":56,"column":16},"end":{"line":56,"column":61}},"36":{"start":{"line":57,"column":16},"end":{"line":57,"column":23}},"37":{"start":{"line":59,"column":12},"end":{"line":77,"column":13}},"38":{"start":{"line":60,"column":16},"end":{"line":60,"column":46}},"39":{"start":{"line":61,"column":16},"end":{"line":74,"column":17}},"40":{"start":{"line":62,"column":20},"end":{"line":71,"column":21}},"41":{"start":{"line":63,"column":24},"end":{"line":67,"column":25}},"42":{"start":{"line":64,"column":28},"end":{"line":66,"column":29}},"43":{"start":{"line":65,"column":32},"end":{"line":65,"column":108}},"44":{"start":{"line":68,"column":24},"end":{"line":68,"column":46}},"45":{"start":{"line":70,"column":24},"end":{"line":70,"column":65}},"46":{"start":{"line":73,"column":20},"end":{"line":73,"column":61}},"47":{"start":{"line":76,"column":16},"end":{"line":76,"column":30}},"48":{"start":{"line":82,"column":0},"end":{"line":82,"column":38}}},"branchMap":{"1":{"line":16,"type":"if","locations":[{"start":{"line":16,"column":4},"end":{"line":16,"column":4}},{"start":{"line":16,"column":4},"end":{"line":16,"column":4}}]},"2":{"line":22,"type":"if","locations":[{"start":{"line":22,"column":12},"end":{"line":22,"column":12}},{"start":{"line":22,"column":12},"end":{"line":22,"column":12}}]},"3":{"line":29,"type":"if","locations":[{"start":{"line":29,"column":12},"end":{"line":29,"column":12}},{"start":{"line":29,"column":12},"end":{"line":29,"column":12}}]},"4":{"line":48,"type":"if","locations":[{"start":{"line":48,"column":8},"end":{"line":48,"column":8}},{"start":{"line":48,"column":8},"end":{"line":48,"column":8}}]},"5":{"line":51,"type":"if","locations":[{"start":{"line":51,"column":15},"end":{"line":51,"column":15}},{"start":{"line":51,"column":15},"end":{"line":51,"column":15}}]},"6":{"line":55,"type":"if","locations":[{"start":{"line":55,"column":12},"end":{"line":55,"column":12}},{"start":{"line":55,"column":12},"end":{"line":55,"column":12}}]},"7":{"line":61,"type":"if","locations":[{"start":{"line":61,"column":16},"end":{"line":61,"column":16}},{"start":{"line":61,"column":16},"end":{"line":61,"column":16}}]},"8":{"line":62,"type":"if","locations":[{"start":{"line":62,"column":20},"end":{"line":62,"column":20}},{"start":{"line":62,"column":20},"end":{"line":62,"column":20}}]},"9":{"line":63,"type":"if","locations":[{"start":{"line":63,"column":24},"end":{"line":63,"column":24}},{"start":{"line":63,"column":24},"end":{"line":63,"column":24}}]},"10":{"line":64,"type":"if","locations":[{"start":{"line":64,"column":28},"end":{"line":64,"column":28}},{"start":{"line":64,"column":28},"end":{"line":64,"column":28}}]}}},"/Users/min/Documents/dev/ipf/co-houndify/utils/houndify_header.js":{"path":"/Users/min/Documents/dev/ipf/co-houndify/utils/houndify_header.js","s":{"1":1,"2":1,"3":1,"4":1,"5":2,"6":0,"7":2,"8":2,"9":2,"10":2,"11":2,"12":2,"13":2,"14":2,"15":2,"16":2,"17":2,"18":2,"19":2,"20":2,"21":2,"22":1},"b":{"1":[0,2],"2":[2,2],"3":[2,1],"4":[2,2]},"f":{"1":2,"2":2,"3":2,"4":2},"fnMap":{"1":{"name":"(anonymous_1)","line":5,"loc":{"start":{"line":5,"column":26},"end":{"line":5,"column":76}}},"2":{"name":"(anonymous_2)","line":19,"loc":{"start":{"line":19,"column":28},"end":{"line":19,"column":43}}},"3":{"name":"(anonymous_3)","line":23,"loc":{"start":{"line":23,"column":26},"end":{"line":23,"column":41}}},"4":{"name":"(anonymous_4)","line":27,"loc":{"start":{"line":27,"column":18},"end":{"line":27,"column":48}}}},"statementMap":{"1":{"start":{"line":1,"column":0},"end":{"line":1,"column":32}},"2":{"start":{"line":2,"column":0},"end":{"line":2,"column":31}},"3":{"start":{"line":3,"column":0},"end":{"line":3,"column":34}},"4":{"start":{"line":5,"column":0},"end":{"line":45,"column":2}},"5":{"start":{"line":7,"column":4},"end":{"line":9,"column":5}},"6":{"start":{"line":8,"column":8},"end":{"line":8,"column":69}},"7":{"start":{"line":11,"column":4},"end":{"line":11,"column":33}},"8":{"start":{"line":13,"column":4},"end":{"line":13,"column":39}},"9":{"start":{"line":14,"column":4},"end":{"line":14,"column":47}},"10":{"start":{"line":17,"column":4},"end":{"line":17,"column":50}},"11":{"start":{"line":19,"column":4},"end":{"line":21,"column":6}},"12":{"start":{"line":20,"column":8},"end":{"line":20,"column":57}},"13":{"start":{"line":23,"column":4},"end":{"line":25,"column":6}},"14":{"start":{"line":24,"column":8},"end":{"line":24,"column":59}},"15":{"start":{"line":27,"column":4},"end":{"line":32,"column":6}},"16":{"start":{"line":28,"column":8},"end":{"line":28,"column":69}},"17":{"start":{"line":29,"column":8},"end":{"line":29,"column":85}},"18":{"start":{"line":30,"column":8},"end":{"line":30,"column":37}},"19":{"start":{"line":34,"column":4},"end":{"line":34,"column":66}},"20":{"start":{"line":39,"column":4},"end":{"line":43,"column":6}},"21":{"start":{"line":44,"column":4},"end":{"line":44,"column":19}},"22":{"start":{"line":47,"column":0},"end":{"line":47,"column":50}}},"branchMap":{"1":{"line":7,"type":"if","locations":[{"start":{"line":7,"column":4},"end":{"line":7,"column":4}},{"start":{"line":7,"column":4},"end":{"line":7,"column":4}}]},"2":{"line":7,"type":"binary-expr","locations":[{"start":{"line":7,"column":8},"end":{"line":7,"column":17}},{"start":{"line":7,"column":21},"end":{"line":7,"column":31}}]},"3":{"line":11,"type":"binary-expr","locations":[{"start":{"line":11,"column":13},"end":{"line":11,"column":19}},{"start":{"line":11,"column":23},"end":{"line":11,"column":32}}]},"4":{"line":13,"type":"binary-expr","locations":[{"start":{"line":13,"column":16},"end":{"line":13,"column":25}},{"start":{"line":13,"column":29},"end":{"line":13,"column":38}}]}}},"/Users/min/Documents/dev/ipf/co-houndify/config.js":{"path":"/Users/min/Documents/dev/ipf/co-houndify/config.js","s":{"1":1,"2":1},"b":{},"f":{},"fnMap":{},"statementMap":{"1":{"start":{"line":6,"column":0},"end":{"line":21,"column":2}},"2":{"start":{"line":23,"column":0},"end":{"line":23,"column":24}}},"branchMap":{}},"/Users/min/Documents/dev/ipf/co-houndify/utils/logger.js":{"path":"/Users/min/Documents/dev/ipf/co-houndify/utils/logger.js","s":{"1":1,"2":1,"3":1,"4":1,"5":1,"6":1},"b":{"1":[1,1]},"f":{},"fnMap":{},"statementMap":{"1":{"start":{"line":1,"column":0},"end":{"line":1,"column":34}},"2":{"start":{"line":3,"column":0},"end":{"line":3,"column":48}},"3":{"start":{"line":6,"column":0},"end":{"line":6,"column":31}},"4":{"start":{"line":7,"column":0},"end":{"line":14,"column":3}},"5":{"start":{"line":16,"column":0},"end":{"line":16,"column":42}},"6":{"start":{"line":20,"column":0},"end":{"line":20,"column":24}}},"branchMap":{"1":{"line":3,"type":"binary-expr","locations":[{"start":{"line":3,"column":10},"end":{"line":3,"column":30}},{"start":{"line":3,"column":34},"end":{"line":3,"column":47}}]}}},"/Users/min/Documents/dev/ipf/co-houndify/utils/cache.js":{"path":"/Users/min/Documents/dev/ipf/co-houndify/utils/cache.js","s":{"1":1,"2":1,"3":1,"4":1,"5":1,"6":1,"7":1,"8":0,"9":1,"10":0,"11":1,"12":1,"13":1,"14":1,"15":1,"16":1,"17":1,"18":1,"19":0,"20":0,"21":1,"22":1,"23":1,"24":0,"25":1,"26":1,"27":1,"28":1,"29":1,"30":0,"31":0,"32":0,"33":0,"34":1},"b":{"1":[0,1],"2":[0,1],"3":[0,1],"4":[1,1],"5":[0,1]},"f":{"1":1,"2":1,"3":1,"4":0},"fnMap":{"1":{"name":"(anonymous_1)","line":5,"loc":{"start":{"line":5,"column":10},"end":{"line":5,"column":35}}},"2":{"name":"(anonymous_2)","line":7,"loc":{"start":{"line":7,"column":17},"end":{"line":7,"column":38}}},"3":{"name":"(anonymous_3)","line":23,"loc":{"start":{"line":23,"column":10},"end":{"line":23,"column":48}}},"4":{"name":"(anonymous_4)","line":44,"loc":{"start":{"line":44,"column":13},"end":{"line":44,"column":28}}}},"statementMap":{"1":{"start":{"line":1,"column":0},"end":{"line":1,"column":32}},"2":{"start":{"line":2,"column":0},"end":{"line":2,"column":31}},"3":{"start":{"line":3,"column":0},"end":{"line":3,"column":33}},"4":{"start":{"line":5,"column":0},"end":{"line":19,"column":2}},"5":{"start":{"line":6,"column":2},"end":{"line":6,"column":21}},"6":{"start":{"line":7,"column":2},"end":{"line":18,"column":5}},"7":{"start":{"line":8,"column":4},"end":{"line":10,"column":5}},"8":{"start":{"line":9,"column":6},"end":{"line":9,"column":27}},"9":{"start":{"line":11,"column":4},"end":{"line":13,"column":5}},"10":{"start":{"line":12,"column":6},"end":{"line":12,"column":24}},"11":{"start":{"line":14,"column":4},"end":{"line":14,"column":28}},"12":{"start":{"line":15,"column":4},"end":{"line":15,"column":36}},"13":{"start":{"line":16,"column":4},"end":{"line":16,"column":57}},"14":{"start":{"line":17,"column":4},"end":{"line":17,"column":25}},"15":{"start":{"line":21,"column":0},"end":{"line":21,"column":18}},"16":{"start":{"line":23,"column":0},"end":{"line":40,"column":2}},"17":{"start":{"line":24,"column":2},"end":{"line":24,"column":21}},"18":{"start":{"line":26,"column":2},"end":{"line":29,"column":3}},"19":{"start":{"line":27,"column":4},"end":{"line":27,"column":20}},"20":{"start":{"line":28,"column":4},"end":{"line":28,"column":16}},"21":{"start":{"line":30,"column":2},"end":{"line":30,"column":32}},"22":{"start":{"line":31,"column":2},"end":{"line":31,"column":32}},"23":{"start":{"line":33,"column":2},"end":{"line":37,"column":3}},"24":{"start":{"line":34,"column":4},"end":{"line":34,"column":36}},"25":{"start":{"line":36,"column":4},"end":{"line":36,"column":44}},"26":{"start":{"line":38,"column":2},"end":{"line":38,"column":34}},"27":{"start":{"line":39,"column":2},"end":{"line":39,"column":55}},"28":{"start":{"line":42,"column":0},"end":{"line":42,"column":18}},"29":{"start":{"line":44,"column":0},"end":{"line":49,"column":1}},"30":{"start":{"line":45,"column":2},"end":{"line":45,"column":21}},"31":{"start":{"line":46,"column":2},"end":{"line":46,"column":17}},"32":{"start":{"line":47,"column":2},"end":{"line":47,"column":34}},"33":{"start":{"line":48,"column":2},"end":{"line":48,"column":58}},"34":{"start":{"line":51,"column":0},"end":{"line":51,"column":24}}},"branchMap":{"1":{"line":8,"type":"if","locations":[{"start":{"line":8,"column":4},"end":{"line":8,"column":4}},{"start":{"line":8,"column":4},"end":{"line":8,"column":4}}]},"2":{"line":11,"type":"if","locations":[{"start":{"line":11,"column":4},"end":{"line":11,"column":4}},{"start":{"line":11,"column":4},"end":{"line":11,"column":4}}]},"3":{"line":26,"type":"if","locations":[{"start":{"line":26,"column":2},"end":{"line":26,"column":2}},{"start":{"line":26,"column":2},"end":{"line":26,"column":2}}]},"4":{"line":30,"type":"binary-expr","locations":[{"start":{"line":30,"column":13},"end":{"line":30,"column":21}},{"start":{"line":30,"column":25},"end":{"line":30,"column":31}}]},"5":{"line":33,"type":"if","locations":[{"start":{"line":33,"column":2},"end":{"line":33,"column":2}},{"start":{"line":33,"column":2},"end":{"line":33,"column":2}}]}}},"/Users/min/Documents/dev/ipf/co-houndify/utils/redis.js":{"path":"/Users/min/Documents/dev/ipf/co-houndify/utils/redis.js","s":{"1":1,"2":1,"3":1,"4":1,"5":1,"6":0,"7":0,"8":0,"9":1},"b":{"1":[0,0]},"f":{"1":0},"fnMap":{"1":{"name":"(anonymous_1)","line":11,"loc":{"start":{"line":11,"column":19},"end":{"line":11,"column":34}}}},"statementMap":{"1":{"start":{"line":1,"column":0},"end":{"line":1,"column":34}},"2":{"start":{"line":2,"column":0},"end":{"line":2,"column":31}},"3":{"start":{"line":3,"column":0},"end":{"line":3,"column":32}},"4":{"start":{"line":5,"column":0},"end":{"line":9,"column":3}},"5":{"start":{"line":11,"column":0},"end":{"line":16,"column":2}},"6":{"start":{"line":12,"column":2},"end":{"line":15,"column":3}},"7":{"start":{"line":13,"column":4},"end":{"line":13,"column":73}},"8":{"start":{"line":14,"column":4},"end":{"line":14,"column":20}},"9":{"start":{"line":18,"column":0},"end":{"line":18,"column":34}}},"branchMap":{"1":{"line":12,"type":"if","locations":[{"start":{"line":12,"column":2},"end":{"line":12,"column":2}},{"start":{"line":12,"column":2},"end":{"line":12,"column":2}}]}}},"/Users/min/Documents/dev/ipf/co-houndify/routes/houndify_rest_router.js":{"path":"/Users/min/Documents/dev/ipf/co-houndify/routes/houndify_rest_router.js","s":{"1":1,"2":1,"3":1},"b":{},"f":{},"fnMap":{},"statementMap":{"1":{"start":{"line":5,"column":0},"end":{"line":5,"column":33}},"2":{"start":{"line":6,"column":0},"end":{"line":6,"column":30}},"3":{"start":{"line":7,"column":0},"end":{"line":7,"column":71}}},"branchMap":{}},"/Users/min/Documents/dev/ipf/co-houndify/routes/index.js":{"path":"/Users/min/Documents/dev/ipf/co-houndify/routes/index.js","s":{"1":1,"2":1,"3":1,"4":1,"5":0,"6":1,"7":0,"8":0,"9":1,"10":0,"11":1,"12":0,"13":1},"b":{},"f":{"1":0,"2":0,"3":0,"4":0,"5":0},"fnMap":{"1":{"name":"(anonymous_1)","line":10,"loc":{"start":{"line":10,"column":16},"end":{"line":10,"column":41}}},"2":{"name":"(anonymous_2)","line":14,"loc":{"start":{"line":14,"column":20},"end":{"line":14,"column":45}}},"3":{"name":"(anonymous_3)","line":19,"loc":{"start":{"line":19,"column":15},"end":{"line":19,"column":31}}},"4":{"name":"(anonymous_4)","line":20,"loc":{"start":{"line":20,"column":14},"end":{"line":20,"column":24}}},"5":{"name":"(anonymous_5)","line":25,"loc":{"start":{"line":25,"column":16},"end":{"line":25,"column":29}}}},"statementMap":{"1":{"start":{"line":5,"column":0},"end":{"line":5,"column":33}},"2":{"start":{"line":6,"column":0},"end":{"line":6,"column":30}},"3":{"start":{"line":7,"column":0},"end":{"line":7,"column":25}},"4":{"start":{"line":10,"column":0},"end":{"line":12,"column":3}},"5":{"start":{"line":11,"column":4},"end":{"line":11,"column":51}},"6":{"start":{"line":14,"column":0},"end":{"line":17,"column":3}},"7":{"start":{"line":15,"column":4},"end":{"line":15,"column":40}},"8":{"start":{"line":16,"column":4},"end":{"line":16,"column":20}},"9":{"start":{"line":19,"column":0},"end":{"line":23,"column":1}},"10":{"start":{"line":20,"column":4},"end":{"line":22,"column":7}},"11":{"start":{"line":25,"column":0},"end":{"line":27,"column":1}},"12":{"start":{"line":26,"column":4},"end":{"line":26,"column":8}},"13":{"start":{"line":29,"column":0},"end":{"line":29,"column":24}}},"branchMap":{}},"/Users/min/Documents/dev/ipf/co-houndify/utils/request_log.js":{"path":"/Users/min/Documents/dev/ipf/co-houndify/utils/request_log.js","s":{"1":1,"2":1,"3":3,"4":0,"5":0,"6":3,"7":3,"8":3,"9":3,"10":3,"11":3,"12":1},"b":{"1":[0,3]},"f":{"1":3,"2":3},"fnMap":{"1":{"name":"(anonymous_1)","line":3,"loc":{"start":{"line":3,"column":17},"end":{"line":3,"column":43}}},"2":{"name":"(anonymous_2)","line":13,"loc":{"start":{"line":13,"column":19},"end":{"line":13,"column":31}}}},"statementMap":{"1":{"start":{"line":1,"column":0},"end":{"line":1,"column":33}},"2":{"start":{"line":3,"column":0},"end":{"line":20,"column":2}},"3":{"start":{"line":5,"column":2},"end":{"line":8,"column":3}},"4":{"start":{"line":6,"column":4},"end":{"line":6,"column":11}},"5":{"start":{"line":7,"column":4},"end":{"line":7,"column":11}},"6":{"start":{"line":10,"column":2},"end":{"line":10,"column":21}},"7":{"start":{"line":11,"column":2},"end":{"line":11,"column":75}},"8":{"start":{"line":13,"column":2},"end":{"line":17,"column":5}},"9":{"start":{"line":14,"column":4},"end":{"line":14,"column":38}},"10":{"start":{"line":16,"column":4},"end":{"line":16,"column":69}},"11":{"start":{"line":19,"column":2},"end":{"line":19,"column":9}},"12":{"start":{"line":22,"column":0},"end":{"line":22,"column":37}}},"branchMap":{"1":{"line":5,"type":"if","locations":[{"start":{"line":5,"column":2},"end":{"line":5,"column":2}},{"start":{"line":5,"column":2},"end":{"line":5,"column":2}}]}}}}