TN:
SF:/Users/min/Documents/dev/ipf/co-houndify/app.js
FN:38,(anonymous_1)
FN:49,(anonymous_2)
FN:63,(anonymous_3)
FNF:3
FNH:1
FNDA:0,(anonymous_1)
FNDA:1,(anonymous_2)
FNDA:0,(anonymous_3)
DA:1,1
DA:2,1
DA:3,1
DA:4,1
DA:5,1
DA:6,1
DA:7,1
DA:9,1
DA:10,1
DA:11,1
DA:12,1
DA:13,1
DA:15,1
DA:18,1
DA:19,1
DA:20,1
DA:21,1
DA:25,1
DA:26,1
DA:27,1
DA:28,1
DA:29,1
DA:31,1
DA:33,1
DA:34,1
DA:38,1
DA:39,0
DA:40,0
DA:41,0
DA:48,1
DA:49,1
DA:55,1
DA:56,1
DA:57,1
DA:63,1
DA:64,0
DA:65,0
DA:66,0
DA:67,0
DA:71,1
LF:40
LH:33
BRDA:48,1,0,1
BRDA:48,1,1,0
BRDA:64,2,0,0
BRDA:64,2,1,0
BRF:4
BRH:1
end_of_record
TN:
SF:/Users/min/Documents/dev/ipf/co-houndify/routes/houndify_router.js
FNF:0
FNH:0
DA:5,1
DA:6,1
DA:7,1
DA:10,1
DA:14,1
LF:5
LH:5
BRF:0
BRH:0
end_of_record
TN:
SF:/Users/min/Documents/dev/ipf/co-houndify/controllers/houndify_controller.js
FN:12,(anonymous_1)
FN:28,(anonymous_2)
FNF:2
FNH:2
FNDA:3,(anonymous_1)
FNDA:2,(anonymous_2)
DA:5,1
DA:6,1
DA:7,1
DA:8,1
DA:9,1
DA:10,1
DA:12,1
DA:13,3
DA:14,3
DA:16,3
DA:17,1
DA:18,1
DA:21,2
DA:22,2
DA:23,1
DA:26,2
DA:27,2
DA:28,2
DA:29,2
DA:30,0
DA:32,2
DA:37,1
LF:22
LH:21
BRDA:16,1,0,1
BRDA:16,1,1,2
BRDA:16,2,0,3
BRDA:16,2,1,3
BRDA:22,3,0,1
BRDA:22,3,1,1
BRDA:29,4,0,0
BRDA:29,4,1,2
BRF:8
BRH:7
end_of_record
TN:
SF:/Users/min/Documents/dev/ipf/co-houndify/api/houndify_api.js
FN:13,(anonymous_1)
FN:21,(anonymous_2)
FN:39,(anonymous_3)
FN:47,(anonymous_4)
FNF:4
FNH:4
FNDA:2,(anonymous_1)
FNDA:1,(anonymous_2)
FNDA:2,(anonymous_3)
FNDA:2,(anonymous_4)
DA:5,1
DA:6,1
DA:7,1
DA:8,1
DA:9,1
DA:10,1
DA:13,1
DA:14,2
DA:16,2
DA:17,1
DA:19,1
DA:20,1
DA:21,1
DA:22,1
DA:23,0
DA:24,0
DA:25,0
DA:26,0
DA:28,1
DA:29,1
DA:30,1
DA:31,1
DA:33,1
DA:39,1
DA:40,2
DA:41,2
DA:47,2
DA:48,2
DA:49,0
DA:50,0
DA:51,2
DA:52,0
DA:54,2
DA:55,2
DA:56,0
DA:57,0
DA:59,2
DA:60,2
DA:61,2
DA:62,2
DA:63,2
DA:64,2
DA:65,1
DA:68,2
DA:70,0
DA:73,0
DA:76,0
DA:82,1
LF:48
LH:36
BRDA:16,1,0,1
BRDA:16,1,1,1
BRDA:22,2,0,0
BRDA:22,2,1,1
BRDA:29,3,0,1
BRDA:29,3,1,0
BRDA:48,4,0,0
BRDA:48,4,1,2
BRDA:51,5,0,0
BRDA:51,5,1,2
BRDA:55,6,0,0
BRDA:55,6,1,2
BRDA:61,7,0,2
BRDA:61,7,1,0
BRDA:62,8,0,2
BRDA:62,8,1,0
BRDA:63,9,0,2
BRDA:63,9,1,0
BRDA:64,10,0,1
BRDA:64,10,1,1
BRF:20
BRH:12
end_of_record
TN:
SF:/Users/min/Documents/dev/ipf/co-houndify/utils/houndify_header.js
FN:5,(anonymous_1)
FN:19,(anonymous_2)
FN:23,(anonymous_3)
FN:27,(anonymous_4)
FNF:4
FNH:4
FNDA:2,(anonymous_1)
FNDA:2,(anonymous_2)
FNDA:2,(anonymous_3)
FNDA:2,(anonymous_4)
DA:1,1
DA:2,1
DA:3,1
DA:5,1
DA:7,2
DA:8,0
DA:11,2
DA:13,2
DA:14,2
DA:17,2
DA:19,2
DA:20,2
DA:23,2
DA:24,2
DA:27,2
DA:28,2
DA:29,2
DA:30,2
DA:34,2
DA:39,2
DA:44,2
DA:47,1
LF:22
LH:21
BRDA:7,1,0,0
BRDA:7,1,1,2
BRDA:7,2,0,2
BRDA:7,2,1,2
BRDA:11,3,0,2
BRDA:11,3,1,1
BRDA:13,4,0,2
BRDA:13,4,1,2
BRF:8
BRH:7
end_of_record
TN:
SF:/Users/min/Documents/dev/ipf/co-houndify/config.js
FNF:0
FNH:0
DA:6,1
DA:23,1
LF:2
LH:2
BRF:0
BRH:0
end_of_record
TN:
SF:/Users/min/Documents/dev/ipf/co-houndify/utils/logger.js
FNF:0
FNH:0
DA:1,1
DA:3,1
DA:6,1
DA:7,1
DA:16,1
DA:20,1
LF:6
LH:6
BRDA:3,1,0,1
BRDA:3,1,1,1
BRF:2
BRH:2
end_of_record
TN:
SF:/Users/min/Documents/dev/ipf/co-houndify/utils/cache.js
FN:5,(anonymous_1)
FN:7,(anonymous_2)
FN:23,(anonymous_3)
FN:44,(anonymous_4)
FNF:4
FNH:3
FNDA:1,(anonymous_1)
FNDA:1,(anonymous_2)
FNDA:1,(anonymous_3)
FNDA:0,(anonymous_4)
DA:1,1
DA:2,1
DA:3,1
DA:5,1
DA:6,1
DA:7,1
DA:8,1
DA:9,0
DA:11,1
DA:12,0
DA:14,1
DA:15,1
DA:16,1
DA:17,1
DA:21,1
DA:23,1
DA:24,1
DA:26,1
DA:27,0
DA:28,0
DA:30,1
DA:31,1
DA:33,1
DA:34,0
DA:36,1
DA:38,1
DA:39,1
DA:42,1
DA:44,1
DA:45,0
DA:46,0
DA:47,0
DA:48,0
DA:51,1
LF:34
LH:25
BRDA:8,1,0,0
BRDA:8,1,1,1
BRDA:11,2,0,0
BRDA:11,2,1,1
BRDA:26,3,0,0
BRDA:26,3,1,1
BRDA:30,4,0,1
BRDA:30,4,1,1
BRDA:33,5,0,0
BRDA:33,5,1,1
BRF:10
BRH:6
end_of_record
TN:
SF:/Users/min/Documents/dev/ipf/co-houndify/utils/redis.js
FN:11,(anonymous_1)
FNF:1
FNH:0
FNDA:0,(anonymous_1)
DA:1,1
DA:2,1
DA:3,1
DA:5,1
DA:11,1
DA:12,0
DA:13,0
DA:14,0
DA:18,1
LF:9
LH:6
BRDA:12,1,0,0
BRDA:12,1,1,0
BRF:2
BRH:0
end_of_record
TN:
SF:/Users/min/Documents/dev/ipf/co-houndify/routes/houndify_rest_router.js
FNF:0
FNH:0
DA:5,1
DA:6,1
DA:7,1
LF:3
LH:3
BRF:0
BRH:0
end_of_record
TN:
SF:/Users/min/Documents/dev/ipf/co-houndify/routes/index.js
FN:10,(anonymous_1)
FN:14,(anonymous_2)
FN:19,(anonymous_3)
FN:20,(anonymous_4)
FN:25,(anonymous_5)
FNF:5
FNH:0
FNDA:0,(anonymous_1)
FNDA:0,(anonymous_2)
FNDA:0,(anonymous_3)
FNDA:0,(anonymous_4)
FNDA:0,(anonymous_5)
DA:5,1
DA:6,1
DA:7,1
DA:10,1
DA:11,0
DA:14,1
DA:15,0
DA:16,0
DA:19,1
DA:20,0
DA:25,1
DA:26,0
DA:29,1
LF:13
LH:8
BRF:0
BRH:0
end_of_record
TN:
SF:/Users/min/Documents/dev/ipf/co-houndify/utils/request_log.js
FN:3,(anonymous_1)
FN:13,(anonymous_2)
FNF:2
FNH:2
FNDA:3,(anonymous_1)
FNDA:3,(anonymous_2)
DA:1,1
DA:3,1
DA:5,3
DA:6,0
DA:7,0
DA:10,3
DA:11,3
DA:13,3
DA:14,3
DA:16,3
DA:19,3
DA:22,1
LF:12
LH:10
BRDA:5,1,0,0
BRDA:5,1,1,3
BRF:2
BRH:1
end_of_record
